<?xml version='1.0'?>
<ns2:test-suite xmlns:ns2='urn:model.allure.qatools.yandex.ru' start='1648469306734' stop='1648469306739'>
    <name>The TravelrepublicHomepage: As a user, I can Open TR HomePage</name>
    <title>The TravelrepublicHomepage: As a user, I can Open TR HomePage</title>
    <test-cases>
        <test-case start='1648469306735' status='passed' stop='1648469306736'>
            <name></name>
            <title></title>
            <labels>
                <label name='language' value='javascript'/>
                <label name='framework' value='wdio'/>
                <label name='thread' value='0-0'/>
            </labels>
            <parameters>
                <parameter kind='argument' name='browser' value='chrome-99.0.4844.82'/>
            </parameters>
            <steps/>
            <attachments/>
        </test-case>
        <test-case start='1648469306736' status='broken' stop='1648469306737'>
            <name>Given I Open the browser and Navigate to TRsite https://pp2.travelrepublic.co.uk/</name>
            <title>Given I Open the browser and Navigate to TRsite https://pp2.travelrepublic.co.uk/</title>
            <labels>
                <label name='language' value='javascript'/>
                <label name='framework' value='wdio'/>
                <label name='thread' value='0-0'/>
            </labels>
            <parameters>
                <parameter kind='argument' name='browser' value='chrome-99.0.4844.82'/>
            </parameters>
            <steps/>
            <attachments/>
            <failure>
                <message>Step "I Open the browser and Navigate to TRsite https://pp2.travelrepublic.co.uk/" is not defined. You can ignore this error by setting cucumberOpts.ignoreUndefinedDefinitions as true.</message>
                <stack-trace>Step "I Open the browser and Navigate to TRsite https://pp2.travelrepublic.co.uk/" is not defined. You can ignore this error by setting cucumberOpts.ignoreUndefinedDefinitions as true.
                	at Feature(E:\WebDriverIO doc\WebDriverIOCucumberProject\features\TRHomePage.feature):1:1
                	at Scenario(As a user, I can Open TR HomePage):3:5
                	at Step(I Open the browser and Navigate to TRsite &lt;TRUrl>):5:9
                </stack-trace>
            </failure>
        </test-case>
        <test-case start='1648469306737' status='broken' stop='1648469306738'>
            <name>Then I should see a HolidayTab with text Holidays</name>
            <title>Then I should see a HolidayTab with text Holidays</title>
            <labels>
                <label name='language' value='javascript'/>
                <label name='framework' value='wdio'/>
                <label name='thread' value='0-0'/>
            </labels>
            <parameters>
                <parameter kind='argument' name='browser' value='chrome-99.0.4844.82'/>
            </parameters>
            <steps/>
            <attachments/>
            <failure>
                <message>Step "I should see a HolidayTab with text Holidays" is not defined. You can ignore this error by setting cucumberOpts.ignoreUndefinedDefinitions as true.</message>
                <stack-trace>Step "I should see a HolidayTab with text Holidays" is not defined. You can ignore this error by setting cucumberOpts.ignoreUndefinedDefinitions as true.
                	at Feature(E:\WebDriverIO doc\WebDriverIOCucumberProject\features\TRHomePage.feature):1:1
                	at Scenario(As a user, I can Open TR HomePage):3:5
                	at Step(I should see a HolidayTab with text &lt;TabText>):6:9
                </stack-trace>
            </failure>
        </test-case>
        <test-case start='1648469306738' status='passed' stop='1648469306738'>
            <name></name>
            <title></title>
            <labels>
                <label name='language' value='javascript'/>
                <label name='framework' value='wdio'/>
                <label name='thread' value='0-0'/>
            </labels>
            <parameters>
                <parameter kind='argument' name='browser' value='chrome-99.0.4844.82'/>
            </parameters>
            <steps/>
            <attachments/>
        </test-case>
    </test-cases>
</ns2:test-suite>